<?xml version="1.0" encoding="UTF-8"?>
<!-- Generated by org.testng.reporters.JUnitReportReporter -->
<testsuite hostname="DESKTOP-BLM0KLK" failures="0" tests="2" name="runner.SearchRunner" time="0.469" errors="2" timestamp="2023-12-07T16:17:36 IST" skipped="0">
  <testcase classname="runner.SearchRunner" name="runScenario" time="0.421">
    <error message="Cannot invoke &quot;org.openqa.selenium.WebDriver.get(String)&quot; because &quot;this.driver&quot; is null" type="java.lang.NullPointerException">
      <![CDATA[java.lang.NullPointerException: Cannot invoke "org.openqa.selenium.WebDriver.get(String)" because "this.driver" is null
at steps.SearchSteps.user_should_be_on_the_website_homepage(SearchSteps.java:21)
at ✽.user should be on the website homepage(file:///C:/Users/Admin/eclipse-workspacenew/Assignment/src/test/resources/applicationtest/search.feature:3)
]]>
    </error>
  </testcase> <!-- runScenario -->
  <testcase classname="runner.SearchRunner" name="runScenario" time="0.048">
    <error message="Cannot invoke &quot;org.openqa.selenium.WebDriver.get(String)&quot; because &quot;this.driver&quot; is null" type="java.lang.NullPointerException">
      <![CDATA[java.lang.NullPointerException: Cannot invoke "org.openqa.selenium.WebDriver.get(String)" because "this.driver" is null
at steps.SearchSteps.user_should_be_on_the_website_homepage(SearchSteps.java:21)
at ✽.user should be on the website homepage(file:///C:/Users/Admin/eclipse-workspacenew/Assignment/src/test/resources/applicationtest/search.feature:3)
]]>
    </error>
  </testcase> <!-- runScenario -->
</testsuite> <!-- runner.SearchRunner -->
